The target system is: Android - 1 - aarch64
The host system is: Linux - 5.4.0-42-generic - x86_64
Detecting C compiler ABI info compiled with the following output:
Change Dir: /home/photon/Documents/QML/1.4.0/arm64/ilp64/examples/build/CMakeFiles/CMakeTmp

Run Build Command(s):/usr/bin/make cmTC_b3c15/fast && /usr/bin/make  -f CMakeFiles/cmTC_b3c15.dir/build.make CMakeFiles/cmTC_b3c15.dir/build
make[1]: Entering directory '/home/photon/Documents/QML/1.4.0/arm64/ilp64/examples/build/CMakeFiles/CMakeTmp'
Building C object CMakeFiles/cmTC_b3c15.dir/CMakeCCompilerABI.c.o
/home/photon/Android/Sdk/ndk/21.3.6528147/toolchains/llvm/prebuilt/linux-x86_64/bin/clang --target=aarch64-none-linux-android28 --gcc-toolchain=/home/photon/Android/Sdk/ndk/21.3.6528147/toolchains/llvm/prebuilt/linux-x86_64 --sysroot=/home/photon/Android/Sdk/ndk/21.3.6528147/toolchains/llvm/prebuilt/linux-x86_64/sysroot   -g -DANDROID -fdata-sections -ffunction-sections -funwind-tables -fstack-protector-strong -no-canonical-prefixes -D_FORTIFY_SOURCE=2 -Wformat   -fPIE   -v -o CMakeFiles/cmTC_b3c15.dir/CMakeCCompilerABI.c.o -c /usr/local/share/cmake-3.18/Modules/CMakeCCompilerABI.c
Android (6454773 based on r365631c2) clang version 9.0.8 (https://android.googlesource.com/toolchain/llvm-project 98c855489587874b2a325e7a516b99d838599c6f) (based on LLVM 9.0.8svn)
Target: aarch64-none-linux-android28
Thread model: posix
InstalledDir: /home/photon/Android/Sdk/ndk/21.3.6528147/toolchains/llvm/prebuilt/linux-x86_64/bin
Found candidate GCC installation: /home/photon/Android/Sdk/ndk/21.3.6528147/toolchains/llvm/prebuilt/linux-x86_64/lib/gcc/aarch64-linux-android/4.9.x
Selected GCC installation: /home/photon/Android/Sdk/ndk/21.3.6528147/toolchains/llvm/prebuilt/linux-x86_64/lib/gcc/aarch64-linux-android/4.9.x
Candidate multilib: .;@m64
Selected multilib: .;@m64
 "/home/photon/Android/Sdk/ndk/21.3.6528147/toolchains/llvm/prebuilt/linux-x86_64/bin/clang" -cc1 -triple aarch64-none-linux-android28 -emit-obj -mrelax-all -mnoexecstack -disable-free -disable-llvm-verifier -discard-value-names -main-file-name CMakeCCompilerABI.c -mrelocation-model pic -pic-level 2 -pic-is-pie -mthread-model posix -mdisable-fp-elim -masm-verbose -mconstructor-aliases -munwind-tables -fuse-init-array -target-cpu generic -target-feature +neon -target-abi aapcs -mllvm -aarch64-fix-cortex-a53-835769=1 -fallow-half-arguments-and-returns -dwarf-column-info -debug-info-kind=limited -dwarf-version=4 -debugger-tuning=gdb -v -ffunction-sections -fdata-sections -coverage-notes-file /home/photon/Documents/QML/1.4.0/arm64/ilp64/examples/build/CMakeFiles/CMakeTmp/CMakeFiles/cmTC_b3c15.dir/CMakeCCompilerABI.c.gcno -resource-dir /home/photon/Android/Sdk/ndk/21.3.6528147/toolchains/llvm/prebuilt/linux-x86_64/lib64/clang/9.0.8 -D ANDROID -D _FORTIFY_SOURCE=2 -isysroot /home/photon/Android/Sdk/ndk/21.3.6528147/toolchains/llvm/prebuilt/linux-x86_64/sysroot -internal-isystem /home/photon/Android/Sdk/ndk/21.3.6528147/toolchains/llvm/prebuilt/linux-x86_64/sysroot/usr/local/include -internal-isystem /home/photon/Android/Sdk/ndk/21.3.6528147/toolchains/llvm/prebuilt/linux-x86_64/lib64/clang/9.0.8/include -internal-externc-isystem /home/photon/Android/Sdk/ndk/21.3.6528147/toolchains/llvm/prebuilt/linux-x86_64/sysroot/usr/include/aarch64-linux-android -internal-externc-isystem /home/photon/Android/Sdk/ndk/21.3.6528147/toolchains/llvm/prebuilt/linux-x86_64/sysroot/include -internal-externc-isystem /home/photon/Android/Sdk/ndk/21.3.6528147/toolchains/llvm/prebuilt/linux-x86_64/sysroot/usr/include -Wformat -fdebug-compilation-dir /home/photon/Documents/QML/1.4.0/arm64/ilp64/examples/build/CMakeFiles/CMakeTmp -ferror-limit 19 -fmessage-length 0 -stack-protector 2 -fno-signed-char -fobjc-runtime=gcc -fdiagnostics-show-option -o CMakeFiles/cmTC_b3c15.dir/CMakeCCompilerABI.c.o -x c /usr/local/share/cmake-3.18/Modules/CMakeCCompilerABI.c
clang -cc1 version 9.0.8 based upon LLVM 9.0.8svn default target x86_64-unknown-linux-gnu
ignoring nonexistent directory "/home/photon/Android/Sdk/ndk/21.3.6528147/toolchains/llvm/prebuilt/linux-x86_64/sysroot/include"
#include "..." search starts here:
#include <...> search starts here:
 /home/photon/Android/Sdk/ndk/21.3.6528147/toolchains/llvm/prebuilt/linux-x86_64/sysroot/usr/local/include
 /home/photon/Android/Sdk/ndk/21.3.6528147/toolchains/llvm/prebuilt/linux-x86_64/lib64/clang/9.0.8/include
 /home/photon/Android/Sdk/ndk/21.3.6528147/toolchains/llvm/prebuilt/linux-x86_64/sysroot/usr/include/aarch64-linux-android
 /home/photon/Android/Sdk/ndk/21.3.6528147/toolchains/llvm/prebuilt/linux-x86_64/sysroot/usr/include
End of search list.
Linking C executable cmTC_b3c15
/usr/local/bin/cmake -E cmake_link_script CMakeFiles/cmTC_b3c15.dir/link.txt --verbose=1
/home/photon/Android/Sdk/ndk/21.3.6528147/toolchains/llvm/prebuilt/linux-x86_64/bin/clang --target=aarch64-none-linux-android28 --gcc-toolchain=/home/photon/Android/Sdk/ndk/21.3.6528147/toolchains/llvm/prebuilt/linux-x86_64 --sysroot=/home/photon/Android/Sdk/ndk/21.3.6528147/toolchains/llvm/prebuilt/linux-x86_64/sysroot -g -DANDROID -fdata-sections -ffunction-sections -funwind-tables -fstack-protector-strong -no-canonical-prefixes -D_FORTIFY_SOURCE=2 -Wformat   -Wl,--exclude-libs,libgcc.a -Wl,--exclude-libs,libgcc_real.a -Wl,--exclude-libs,libatomic.a -static-libstdc++ -Wl,--build-id -Wl,--fatal-warnings -Wl,--no-undefined -Qunused-arguments -Wl,--gc-sections  -v CMakeFiles/cmTC_b3c15.dir/CMakeCCompilerABI.c.o -o cmTC_b3c15 
Android (6454773 based on r365631c2) clang version 9.0.8 (https://android.googlesource.com/toolchain/llvm-project 98c855489587874b2a325e7a516b99d838599c6f) (based on LLVM 9.0.8svn)
Target: aarch64-none-linux-android28
Thread model: posix
InstalledDir: /home/photon/Android/Sdk/ndk/21.3.6528147/toolchains/llvm/prebuilt/linux-x86_64/bin
Found candidate GCC installation: /home/photon/Android/Sdk/ndk/21.3.6528147/toolchains/llvm/prebuilt/linux-x86_64/lib/gcc/aarch64-linux-android/4.9.x
Selected GCC installation: /home/photon/Android/Sdk/ndk/21.3.6528147/toolchains/llvm/prebuilt/linux-x86_64/lib/gcc/aarch64-linux-android/4.9.x
Candidate multilib: .;@m64
Selected multilib: .;@m64
 "/home/photon/Android/Sdk/ndk/21.3.6528147/toolchains/llvm/prebuilt/linux-x86_64/lib/gcc/aarch64-linux-android/4.9.x/../../../../aarch64-linux-android/bin/ld" --sysroot=/home/photon/Android/Sdk/ndk/21.3.6528147/toolchains/llvm/prebuilt/linux-x86_64/sysroot -pie -z noexecstack -EL --fix-cortex-a53-843419 --warn-shared-textrel -z now -z relro -z max-page-size=4096 --hash-style=gnu --enable-new-dtags --eh-frame-hdr -m aarch64linux -dynamic-linker /system/bin/linker64 -o cmTC_b3c15 /home/photon/Android/Sdk/ndk/21.3.6528147/toolchains/llvm/prebuilt/linux-x86_64/sysroot/usr/lib/aarch64-linux-android/28/crtbegin_dynamic.o -L/home/photon/Android/Sdk/ndk/21.3.6528147/toolchains/llvm/prebuilt/linux-x86_64/lib64/clang/9.0.8/lib/linux/aarch64 -L/home/photon/Android/Sdk/ndk/21.3.6528147/toolchains/llvm/prebuilt/linux-x86_64/lib/gcc/aarch64-linux-android/4.9.x -L/home/photon/Android/Sdk/ndk/21.3.6528147/toolchains/llvm/prebuilt/linux-x86_64/lib/gcc/aarch64-linux-android/4.9.x/../../../../aarch64-linux-android/lib/../lib64 -L/home/photon/Android/Sdk/ndk/21.3.6528147/toolchains/llvm/prebuilt/linux-x86_64/sysroot/usr/lib/aarch64-linux-android/28 -L/home/photon/Android/Sdk/ndk/21.3.6528147/toolchains/llvm/prebuilt/linux-x86_64/sysroot/usr/lib/aarch64-linux-android -L/home/photon/Android/Sdk/ndk/21.3.6528147/toolchains/llvm/prebuilt/linux-x86_64/lib/gcc/aarch64-linux-android/4.9.x/../../../../aarch64-linux-android/lib -L/home/photon/Android/Sdk/ndk/21.3.6528147/toolchains/llvm/prebuilt/linux-x86_64/sysroot/usr/lib --exclude-libs libgcc.a --exclude-libs libgcc_real.a --exclude-libs libatomic.a --build-id --fatal-warnings --no-undefined --gc-sections CMakeFiles/cmTC_b3c15.dir/CMakeCCompilerABI.c.o -lgcc -ldl -lc -lgcc -ldl /home/photon/Android/Sdk/ndk/21.3.6528147/toolchains/llvm/prebuilt/linux-x86_64/sysroot/usr/lib/aarch64-linux-android/28/crtend_android.o
make[1]: Leaving directory '/home/photon/Documents/QML/1.4.0/arm64/ilp64/examples/build/CMakeFiles/CMakeTmp'



Parsed C implicit include dir info from above output: rv=done
  found start of include info
  found start of implicit include info
    add: [/home/photon/Android/Sdk/ndk/21.3.6528147/toolchains/llvm/prebuilt/linux-x86_64/sysroot/usr/local/include]
    add: [/home/photon/Android/Sdk/ndk/21.3.6528147/toolchains/llvm/prebuilt/linux-x86_64/lib64/clang/9.0.8/include]
    add: [/home/photon/Android/Sdk/ndk/21.3.6528147/toolchains/llvm/prebuilt/linux-x86_64/sysroot/usr/include/aarch64-linux-android]
    add: [/home/photon/Android/Sdk/ndk/21.3.6528147/toolchains/llvm/prebuilt/linux-x86_64/sysroot/usr/include]
  end of search list found
  collapse include dir [/home/photon/Android/Sdk/ndk/21.3.6528147/toolchains/llvm/prebuilt/linux-x86_64/sysroot/usr/local/include] ==> [/home/photon/Android/Sdk/ndk/21.3.6528147/toolchains/llvm/prebuilt/linux-x86_64/sysroot/usr/local/include]
  collapse include dir [/home/photon/Android/Sdk/ndk/21.3.6528147/toolchains/llvm/prebuilt/linux-x86_64/lib64/clang/9.0.8/include] ==> [/home/photon/Android/Sdk/ndk/21.3.6528147/toolchains/llvm/prebuilt/linux-x86_64/lib64/clang/9.0.8/include]
  collapse include dir [/home/photon/Android/Sdk/ndk/21.3.6528147/toolchains/llvm/prebuilt/linux-x86_64/sysroot/usr/include/aarch64-linux-android] ==> [/home/photon/Android/Sdk/ndk/21.3.6528147/toolchains/llvm/prebuilt/linux-x86_64/sysroot/usr/include/aarch64-linux-android]
  collapse include dir [/home/photon/Android/Sdk/ndk/21.3.6528147/toolchains/llvm/prebuilt/linux-x86_64/sysroot/usr/include] ==> [/home/photon/Android/Sdk/ndk/21.3.6528147/toolchains/llvm/prebuilt/linux-x86_64/sysroot/usr/include]
  implicit include dirs: [/home/photon/Android/Sdk/ndk/21.3.6528147/toolchains/llvm/prebuilt/linux-x86_64/sysroot/usr/local/include;/home/photon/Android/Sdk/ndk/21.3.6528147/toolchains/llvm/prebuilt/linux-x86_64/lib64/clang/9.0.8/include;/home/photon/Android/Sdk/ndk/21.3.6528147/toolchains/llvm/prebuilt/linux-x86_64/sysroot/usr/include/aarch64-linux-android;/home/photon/Android/Sdk/ndk/21.3.6528147/toolchains/llvm/prebuilt/linux-x86_64/sysroot/usr/include]


Parsed C implicit link information from above output:
  link line regex: [^( *|.*[/\])(aarch64-linux-android-ld|CMAKE_LINK_STARTFILE-NOTFOUND|([^/\]+-)?ld|collect2)[^/\]*( |$)]
  ignore line: [Change Dir: /home/photon/Documents/QML/1.4.0/arm64/ilp64/examples/build/CMakeFiles/CMakeTmp]
  ignore line: []
  ignore line: [Run Build Command(s):/usr/bin/make cmTC_b3c15/fast && /usr/bin/make  -f CMakeFiles/cmTC_b3c15.dir/build.make CMakeFiles/cmTC_b3c15.dir/build]
  ignore line: [make[1]: Entering directory '/home/photon/Documents/QML/1.4.0/arm64/ilp64/examples/build/CMakeFiles/CMakeTmp']
  ignore line: [Building C object CMakeFiles/cmTC_b3c15.dir/CMakeCCompilerABI.c.o]
  ignore line: [/home/photon/Android/Sdk/ndk/21.3.6528147/toolchains/llvm/prebuilt/linux-x86_64/bin/clang --target=aarch64-none-linux-android28 --gcc-toolchain=/home/photon/Android/Sdk/ndk/21.3.6528147/toolchains/llvm/prebuilt/linux-x86_64 --sysroot=/home/photon/Android/Sdk/ndk/21.3.6528147/toolchains/llvm/prebuilt/linux-x86_64/sysroot   -g -DANDROID -fdata-sections -ffunction-sections -funwind-tables -fstack-protector-strong -no-canonical-prefixes -D_FORTIFY_SOURCE=2 -Wformat   -fPIE   -v -o CMakeFiles/cmTC_b3c15.dir/CMakeCCompilerABI.c.o -c /usr/local/share/cmake-3.18/Modules/CMakeCCompilerABI.c]
  ignore line: [Android (6454773 based on r365631c2) clang version 9.0.8 (https://android.googlesource.com/toolchain/llvm-project 98c855489587874b2a325e7a516b99d838599c6f) (based on LLVM 9.0.8svn)]
  ignore line: [Target: aarch64-none-linux-android28]
  ignore line: [Thread model: posix]
  ignore line: [InstalledDir: /home/photon/Android/Sdk/ndk/21.3.6528147/toolchains/llvm/prebuilt/linux-x86_64/bin]
  ignore line: [Found candidate GCC installation: /home/photon/Android/Sdk/ndk/21.3.6528147/toolchains/llvm/prebuilt/linux-x86_64/lib/gcc/aarch64-linux-android/4.9.x]
  ignore line: [Selected GCC installation: /home/photon/Android/Sdk/ndk/21.3.6528147/toolchains/llvm/prebuilt/linux-x86_64/lib/gcc/aarch64-linux-android/4.9.x]
  ignore line: [Candidate multilib: .]
  ignore line: [@m64]
  ignore line: [Selected multilib: .]
  ignore line: [@m64]
  ignore line: [ "/home/photon/Android/Sdk/ndk/21.3.6528147/toolchains/llvm/prebuilt/linux-x86_64/bin/clang" -cc1 -triple aarch64-none-linux-android28 -emit-obj -mrelax-all -mnoexecstack -disable-free -disable-llvm-verifier -discard-value-names -main-file-name CMakeCCompilerABI.c -mrelocation-model pic -pic-level 2 -pic-is-pie -mthread-model posix -mdisable-fp-elim -masm-verbose -mconstructor-aliases -munwind-tables -fuse-init-array -target-cpu generic -target-feature +neon -target-abi aapcs -mllvm -aarch64-fix-cortex-a53-835769=1 -fallow-half-arguments-and-returns -dwarf-column-info -debug-info-kind=limited -dwarf-version=4 -debugger-tuning=gdb -v -ffunction-sections -fdata-sections -coverage-notes-file /home/photon/Documents/QML/1.4.0/arm64/ilp64/examples/build/CMakeFiles/CMakeTmp/CMakeFiles/cmTC_b3c15.dir/CMakeCCompilerABI.c.gcno -resource-dir /home/photon/Android/Sdk/ndk/21.3.6528147/toolchains/llvm/prebuilt/linux-x86_64/lib64/clang/9.0.8 -D ANDROID -D _FORTIFY_SOURCE=2 -isysroot /home/photon/Android/Sdk/ndk/21.3.6528147/toolchains/llvm/prebuilt/linux-x86_64/sysroot -internal-isystem /home/photon/Android/Sdk/ndk/21.3.6528147/toolchains/llvm/prebuilt/linux-x86_64/sysroot/usr/local/include -internal-isystem /home/photon/Android/Sdk/ndk/21.3.6528147/toolchains/llvm/prebuilt/linux-x86_64/lib64/clang/9.0.8/include -internal-externc-isystem /home/photon/Android/Sdk/ndk/21.3.6528147/toolchains/llvm/prebuilt/linux-x86_64/sysroot/usr/include/aarch64-linux-android -internal-externc-isystem /home/photon/Android/Sdk/ndk/21.3.6528147/toolchains/llvm/prebuilt/linux-x86_64/sysroot/include -internal-externc-isystem /home/photon/Android/Sdk/ndk/21.3.6528147/toolchains/llvm/prebuilt/linux-x86_64/sysroot/usr/include -Wformat -fdebug-compilation-dir /home/photon/Documents/QML/1.4.0/arm64/ilp64/examples/build/CMakeFiles/CMakeTmp -ferror-limit 19 -fmessage-length 0 -stack-protector 2 -fno-signed-char -fobjc-runtime=gcc -fdiagnostics-show-option -o CMakeFiles/cmTC_b3c15.dir/CMakeCCompilerABI.c.o -x c /usr/local/share/cmake-3.18/Modules/CMakeCCompilerABI.c]
  ignore line: [clang -cc1 version 9.0.8 based upon LLVM 9.0.8svn default target x86_64-unknown-linux-gnu]
  ignore line: [ignoring nonexistent directory "/home/photon/Android/Sdk/ndk/21.3.6528147/toolchains/llvm/prebuilt/linux-x86_64/sysroot/include"]
  ignore line: [#include "..." search starts here:]
  ignore line: [#include <...> search starts here:]
  ignore line: [ /home/photon/Android/Sdk/ndk/21.3.6528147/toolchains/llvm/prebuilt/linux-x86_64/sysroot/usr/local/include]
  ignore line: [ /home/photon/Android/Sdk/ndk/21.3.6528147/toolchains/llvm/prebuilt/linux-x86_64/lib64/clang/9.0.8/include]
  ignore line: [ /home/photon/Android/Sdk/ndk/21.3.6528147/toolchains/llvm/prebuilt/linux-x86_64/sysroot/usr/include/aarch64-linux-android]
  ignore line: [ /home/photon/Android/Sdk/ndk/21.3.6528147/toolchains/llvm/prebuilt/linux-x86_64/sysroot/usr/include]
  ignore line: [End of search list.]
  ignore line: [Linking C executable cmTC_b3c15]
  ignore line: [/usr/local/bin/cmake -E cmake_link_script CMakeFiles/cmTC_b3c15.dir/link.txt --verbose=1]
  ignore line: [/home/photon/Android/Sdk/ndk/21.3.6528147/toolchains/llvm/prebuilt/linux-x86_64/bin/clang --target=aarch64-none-linux-android28 --gcc-toolchain=/home/photon/Android/Sdk/ndk/21.3.6528147/toolchains/llvm/prebuilt/linux-x86_64 --sysroot=/home/photon/Android/Sdk/ndk/21.3.6528147/toolchains/llvm/prebuilt/linux-x86_64/sysroot -g -DANDROID -fdata-sections -ffunction-sections -funwind-tables -fstack-protector-strong -no-canonical-prefixes -D_FORTIFY_SOURCE=2 -Wformat   -Wl --exclude-libs libgcc.a -Wl --exclude-libs libgcc_real.a -Wl --exclude-libs libatomic.a -static-libstdc++ -Wl --build-id -Wl --fatal-warnings -Wl --no-undefined -Qunused-arguments -Wl --gc-sections  -v CMakeFiles/cmTC_b3c15.dir/CMakeCCompilerABI.c.o -o cmTC_b3c15 ]
  ignore line: [Android (6454773 based on r365631c2) clang version 9.0.8 (https://android.googlesource.com/toolchain/llvm-project 98c855489587874b2a325e7a516b99d838599c6f) (based on LLVM 9.0.8svn)]
  ignore line: [Target: aarch64-none-linux-android28]
  ignore line: [Thread model: posix]
  ignore line: [InstalledDir: /home/photon/Android/Sdk/ndk/21.3.6528147/toolchains/llvm/prebuilt/linux-x86_64/bin]
  ignore line: [Found candidate GCC installation: /home/photon/Android/Sdk/ndk/21.3.6528147/toolchains/llvm/prebuilt/linux-x86_64/lib/gcc/aarch64-linux-android/4.9.x]
  ignore line: [Selected GCC installation: /home/photon/Android/Sdk/ndk/21.3.6528147/toolchains/llvm/prebuilt/linux-x86_64/lib/gcc/aarch64-linux-android/4.9.x]
  ignore line: [Candidate multilib: .]
  ignore line: [@m64]
  ignore line: [Selected multilib: .]
  ignore line: [@m64]
  link line: [ "/home/photon/Android/Sdk/ndk/21.3.6528147/toolchains/llvm/prebuilt/linux-x86_64/lib/gcc/aarch64-linux-android/4.9.x/../../../../aarch64-linux-android/bin/ld" --sysroot=/home/photon/Android/Sdk/ndk/21.3.6528147/toolchains/llvm/prebuilt/linux-x86_64/sysroot -pie -z noexecstack -EL --fix-cortex-a53-843419 --warn-shared-textrel -z now -z relro -z max-page-size=4096 --hash-style=gnu --enable-new-dtags --eh-frame-hdr -m aarch64linux -dynamic-linker /system/bin/linker64 -o cmTC_b3c15 /home/photon/Android/Sdk/ndk/21.3.6528147/toolchains/llvm/prebuilt/linux-x86_64/sysroot/usr/lib/aarch64-linux-android/28/crtbegin_dynamic.o -L/home/photon/Android/Sdk/ndk/21.3.6528147/toolchains/llvm/prebuilt/linux-x86_64/lib64/clang/9.0.8/lib/linux/aarch64 -L/home/photon/Android/Sdk/ndk/21.3.6528147/toolchains/llvm/prebuilt/linux-x86_64/lib/gcc/aarch64-linux-android/4.9.x -L/home/photon/Android/Sdk/ndk/21.3.6528147/toolchains/llvm/prebuilt/linux-x86_64/lib/gcc/aarch64-linux-android/4.9.x/../../../../aarch64-linux-android/lib/../lib64 -L/home/photon/Android/Sdk/ndk/21.3.6528147/toolchains/llvm/prebuilt/linux-x86_64/sysroot/usr/lib/aarch64-linux-android/28 -L/home/photon/Android/Sdk/ndk/21.3.6528147/toolchains/llvm/prebuilt/linux-x86_64/sysroot/usr/lib/aarch64-linux-android -L/home/photon/Android/Sdk/ndk/21.3.6528147/toolchains/llvm/prebuilt/linux-x86_64/lib/gcc/aarch64-linux-android/4.9.x/../../../../aarch64-linux-android/lib -L/home/photon/Android/Sdk/ndk/21.3.6528147/toolchains/llvm/prebuilt/linux-x86_64/sysroot/usr/lib --exclude-libs libgcc.a --exclude-libs libgcc_real.a --exclude-libs libatomic.a --build-id --fatal-warnings --no-undefined --gc-sections CMakeFiles/cmTC_b3c15.dir/CMakeCCompilerABI.c.o -lgcc -ldl -lc -lgcc -ldl /home/photon/Android/Sdk/ndk/21.3.6528147/toolchains/llvm/prebuilt/linux-x86_64/sysroot/usr/lib/aarch64-linux-android/28/crtend_android.o]
    arg [/home/photon/Android/Sdk/ndk/21.3.6528147/toolchains/llvm/prebuilt/linux-x86_64/lib/gcc/aarch64-linux-android/4.9.x/../../../../aarch64-linux-android/bin/ld] ==> ignore
    arg [--sysroot=/home/photon/Android/Sdk/ndk/21.3.6528147/toolchains/llvm/prebuilt/linux-x86_64/sysroot] ==> ignore
    arg [-pie] ==> ignore
    arg [-znoexecstack] ==> ignore
    arg [-EL] ==> ignore
    arg [--fix-cortex-a53-843419] ==> ignore
    arg [--warn-shared-textrel] ==> ignore
    arg [-znow] ==> ignore
    arg [-zrelro] ==> ignore
    arg [-zmax-page-size=4096] ==> ignore
    arg [--hash-style=gnu] ==> ignore
    arg [--enable-new-dtags] ==> ignore
    arg [--eh-frame-hdr] ==> ignore
    arg [-m] ==> ignore
    arg [aarch64linux] ==> ignore
    arg [-dynamic-linker] ==> ignore
    arg [/system/bin/linker64] ==> ignore
    arg [-o] ==> ignore
    arg [cmTC_b3c15] ==> ignore
    arg [/home/photon/Android/Sdk/ndk/21.3.6528147/toolchains/llvm/prebuilt/linux-x86_64/sysroot/usr/lib/aarch64-linux-android/28/crtbegin_dynamic.o] ==> ignore
    arg [-L/home/photon/Android/Sdk/ndk/21.3.6528147/toolchains/llvm/prebuilt/linux-x86_64/lib64/clang/9.0.8/lib/linux/aarch64] ==> dir [/home/photon/Android/Sdk/ndk/21.3.6528147/toolchains/llvm/prebuilt/linux-x86_64/lib64/clang/9.0.8/lib/linux/aarch64]
    arg [-L/home/photon/Android/Sdk/ndk/21.3.6528147/toolchains/llvm/prebuilt/linux-x86_64/lib/gcc/aarch64-linux-android/4.9.x] ==> dir [/home/photon/Android/Sdk/ndk/21.3.6528147/toolchains/llvm/prebuilt/linux-x86_64/lib/gcc/aarch64-linux-android/4.9.x]
    arg [-L/home/photon/Android/Sdk/ndk/21.3.6528147/toolchains/llvm/prebuilt/linux-x86_64/lib/gcc/aarch64-linux-android/4.9.x/../../../../aarch64-linux-android/lib/../lib64] ==> dir [/home/photon/Android/Sdk/ndk/21.3.6528147/toolchains/llvm/prebuilt/linux-x86_64/lib/gcc/aarch64-linux-android/4.9.x/../../../../aarch64-linux-android/lib/../lib64]
    arg [-L/home/photon/Android/Sdk/ndk/21.3.6528147/toolchains/llvm/prebuilt/linux-x86_64/sysroot/usr/lib/aarch64-linux-android/28] ==> dir [/home/photon/Android/Sdk/ndk/21.3.6528147/toolchains/llvm/prebuilt/linux-x86_64/sysroot/usr/lib/aarch64-linux-android/28]
    arg [-L/home/photon/Android/Sdk/ndk/21.3.6528147/toolchains/llvm/prebuilt/linux-x86_64/sysroot/usr/lib/aarch64-linux-android] ==> dir [/home/photon/Android/Sdk/ndk/21.3.6528147/toolchains/llvm/prebuilt/linux-x86_64/sysroot/usr/lib/aarch64-linux-android]
    arg [-L/home/photon/Android/Sdk/ndk/21.3.6528147/toolchains/llvm/prebuilt/linux-x86_64/lib/gcc/aarch64-linux-android/4.9.x/../../../../aarch64-linux-android/lib] ==> dir [/home/photon/Android/Sdk/ndk/21.3.6528147/toolchains/llvm/prebuilt/linux-x86_64/lib/gcc/aarch64-linux-android/4.9.x/../../../../aarch64-linux-android/lib]
    arg [-L/home/photon/Android/Sdk/ndk/21.3.6528147/toolchains/llvm/prebuilt/linux-x86_64/sysroot/usr/lib] ==> dir [/home/photon/Android/Sdk/ndk/21.3.6528147/toolchains/llvm/prebuilt/linux-x86_64/sysroot/usr/lib]
    arg [--exclude-libs] ==> ignore
    arg [libgcc.a] ==> ignore
    arg [--exclude-libs] ==> ignore
    arg [libgcc_real.a] ==> ignore
    arg [--exclude-libs] ==> ignore
    arg [libatomic.a] ==> ignore
    arg [--build-id] ==> ignore
    arg [--fatal-warnings] ==> ignore
    arg [--no-undefined] ==> ignore
    arg [--gc-sections] ==> ignore
    arg [CMakeFiles/cmTC_b3c15.dir/CMakeCCompilerABI.c.o] ==> ignore
    arg [-lgcc] ==> lib [gcc]
    arg [-ldl] ==> lib [dl]
    arg [-lc] ==> lib [c]
    arg [-lgcc] ==> lib [gcc]
    arg [-ldl] ==> lib [dl]
    arg [/home/photon/Android/Sdk/ndk/21.3.6528147/toolchains/llvm/prebuilt/linux-x86_64/sysroot/usr/lib/aarch64-linux-android/28/crtend_android.o] ==> ignore
  collapse library dir [/home/photon/Android/Sdk/ndk/21.3.6528147/toolchains/llvm/prebuilt/linux-x86_64/lib64/clang/9.0.8/lib/linux/aarch64] ==> [/home/photon/Android/Sdk/ndk/21.3.6528147/toolchains/llvm/prebuilt/linux-x86_64/lib64/clang/9.0.8/lib/linux/aarch64]
  collapse library dir [/home/photon/Android/Sdk/ndk/21.3.6528147/toolchains/llvm/prebuilt/linux-x86_64/lib/gcc/aarch64-linux-android/4.9.x] ==> [/home/photon/Android/Sdk/ndk/21.3.6528147/toolchains/llvm/prebuilt/linux-x86_64/lib/gcc/aarch64-linux-android/4.9.x]
  collapse library dir [/home/photon/Android/Sdk/ndk/21.3.6528147/toolchains/llvm/prebuilt/linux-x86_64/lib/gcc/aarch64-linux-android/4.9.x/../../../../aarch64-linux-android/lib/../lib64] ==> [/home/photon/Android/Sdk/ndk/21.3.6528147/toolchains/llvm/prebuilt/linux-x86_64/aarch64-linux-android/lib64]
  collapse library dir [/home/photon/Android/Sdk/ndk/21.3.6528147/toolchains/llvm/prebuilt/linux-x86_64/sysroot/usr/lib/aarch64-linux-android/28] ==> [/home/photon/Android/Sdk/ndk/21.3.6528147/toolchains/llvm/prebuilt/linux-x86_64/sysroot/usr/lib/aarch64-linux-android/28]
  collapse library dir [/home/photon/Android/Sdk/ndk/21.3.6528147/toolchains/llvm/prebuilt/linux-x86_64/sysroot/usr/lib/aarch64-linux-android] ==> [/home/photon/Android/Sdk/ndk/21.3.6528147/toolchains/llvm/prebuilt/linux-x86_64/sysroot/usr/lib/aarch64-linux-android]
  collapse library dir [/home/photon/Android/Sdk/ndk/21.3.6528147/toolchains/llvm/prebuilt/linux-x86_64/lib/gcc/aarch64-linux-android/4.9.x/../../../../aarch64-linux-android/lib] ==> [/home/photon/Android/Sdk/ndk/21.3.6528147/toolchains/llvm/prebuilt/linux-x86_64/aarch64-linux-android/lib]
  collapse library dir [/home/photon/Android/Sdk/ndk/21.3.6528147/toolchains/llvm/prebuilt/linux-x86_64/sysroot/usr/lib] ==> [/home/photon/Android/Sdk/ndk/21.3.6528147/toolchains/llvm/prebuilt/linux-x86_64/sysroot/usr/lib]
  implicit libs: [gcc;dl;c;gcc;dl]
  implicit dirs: [/home/photon/Android/Sdk/ndk/21.3.6528147/toolchains/llvm/prebuilt/linux-x86_64/lib64/clang/9.0.8/lib/linux/aarch64;/home/photon/Android/Sdk/ndk/21.3.6528147/toolchains/llvm/prebuilt/linux-x86_64/lib/gcc/aarch64-linux-android/4.9.x;/home/photon/Android/Sdk/ndk/21.3.6528147/toolchains/llvm/prebuilt/linux-x86_64/aarch64-linux-android/lib64;/home/photon/Android/Sdk/ndk/21.3.6528147/toolchains/llvm/prebuilt/linux-x86_64/sysroot/usr/lib/aarch64-linux-android/28;/home/photon/Android/Sdk/ndk/21.3.6528147/toolchains/llvm/prebuilt/linux-x86_64/sysroot/usr/lib/aarch64-linux-android;/home/photon/Android/Sdk/ndk/21.3.6528147/toolchains/llvm/prebuilt/linux-x86_64/aarch64-linux-android/lib;/home/photon/Android/Sdk/ndk/21.3.6528147/toolchains/llvm/prebuilt/linux-x86_64/sysroot/usr/lib]
  implicit fwks: []


Detecting CXX compiler ABI info compiled with the following output:
Change Dir: /home/photon/Documents/QML/1.4.0/arm64/ilp64/examples/build/CMakeFiles/CMakeTmp

Run Build Command(s):/usr/bin/make cmTC_8c08c/fast && /usr/bin/make  -f CMakeFiles/cmTC_8c08c.dir/build.make CMakeFiles/cmTC_8c08c.dir/build
make[1]: Entering directory '/home/photon/Documents/QML/1.4.0/arm64/ilp64/examples/build/CMakeFiles/CMakeTmp'
Building CXX object CMakeFiles/cmTC_8c08c.dir/CMakeCXXCompilerABI.cpp.o
/home/photon/Android/Sdk/ndk/21.3.6528147/toolchains/llvm/prebuilt/linux-x86_64/bin/clang++ --target=aarch64-none-linux-android28 --gcc-toolchain=/home/photon/Android/Sdk/ndk/21.3.6528147/toolchains/llvm/prebuilt/linux-x86_64 --sysroot=/home/photon/Android/Sdk/ndk/21.3.6528147/toolchains/llvm/prebuilt/linux-x86_64/sysroot   -g -DANDROID -fdata-sections -ffunction-sections -funwind-tables -fstack-protector-strong -no-canonical-prefixes -D_FORTIFY_SOURCE=2 -Wformat    -fPIE   -v -o CMakeFiles/cmTC_8c08c.dir/CMakeCXXCompilerABI.cpp.o -c /usr/local/share/cmake-3.18/Modules/CMakeCXXCompilerABI.cpp
Android (6454773 based on r365631c2) clang version 9.0.8 (https://android.googlesource.com/toolchain/llvm-project 98c855489587874b2a325e7a516b99d838599c6f) (based on LLVM 9.0.8svn)
Target: aarch64-none-linux-android28
Thread model: posix
InstalledDir: /home/photon/Android/Sdk/ndk/21.3.6528147/toolchains/llvm/prebuilt/linux-x86_64/bin
Found candidate GCC installation: /home/photon/Android/Sdk/ndk/21.3.6528147/toolchains/llvm/prebuilt/linux-x86_64/lib/gcc/aarch64-linux-android/4.9.x
Selected GCC installation: /home/photon/Android/Sdk/ndk/21.3.6528147/toolchains/llvm/prebuilt/linux-x86_64/lib/gcc/aarch64-linux-android/4.9.x
Candidate multilib: .;@m64
Selected multilib: .;@m64
 "/home/photon/Android/Sdk/ndk/21.3.6528147/toolchains/llvm/prebuilt/linux-x86_64/bin/clang++" -cc1 -triple aarch64-none-linux-android28 -emit-obj -mrelax-all -mnoexecstack -disable-free -disable-llvm-verifier -discard-value-names -main-file-name CMakeCXXCompilerABI.cpp -mrelocation-model pic -pic-level 2 -pic-is-pie -mthread-model posix -mdisable-fp-elim -masm-verbose -mconstructor-aliases -munwind-tables -fuse-init-array -target-cpu generic -target-feature +neon -target-abi aapcs -mllvm -aarch64-fix-cortex-a53-835769=1 -fallow-half-arguments-and-returns -dwarf-column-info -debug-info-kind=limited -dwarf-version=4 -debugger-tuning=gdb -v -ffunction-sections -fdata-sections -coverage-notes-file /home/photon/Documents/QML/1.4.0/arm64/ilp64/examples/build/CMakeFiles/CMakeTmp/CMakeFiles/cmTC_8c08c.dir/CMakeCXXCompilerABI.cpp.gcno -resource-dir /home/photon/Android/Sdk/ndk/21.3.6528147/toolchains/llvm/prebuilt/linux-x86_64/lib64/clang/9.0.8 -D ANDROID -D _FORTIFY_SOURCE=2 -isysroot /home/photon/Android/Sdk/ndk/21.3.6528147/toolchains/llvm/prebuilt/linux-x86_64/sysroot -internal-isystem /home/photon/Android/Sdk/ndk/21.3.6528147/toolchains/llvm/prebuilt/linux-x86_64/sysroot/usr/include/c++/v1 -internal-isystem /home/photon/Android/Sdk/ndk/21.3.6528147/toolchains/llvm/prebuilt/linux-x86_64/sysroot/usr/local/include -internal-isystem /home/photon/Android/Sdk/ndk/21.3.6528147/toolchains/llvm/prebuilt/linux-x86_64/lib64/clang/9.0.8/include -internal-externc-isystem /home/photon/Android/Sdk/ndk/21.3.6528147/toolchains/llvm/prebuilt/linux-x86_64/sysroot/usr/include/aarch64-linux-android -internal-externc-isystem /home/photon/Android/Sdk/ndk/21.3.6528147/toolchains/llvm/prebuilt/linux-x86_64/sysroot/include -internal-externc-isystem /home/photon/Android/Sdk/ndk/21.3.6528147/toolchains/llvm/prebuilt/linux-x86_64/sysroot/usr/include -Wformat -fdeprecated-macro -fdebug-compilation-dir /home/photon/Documents/QML/1.4.0/arm64/ilp64/examples/build/CMakeFiles/CMakeTmp -ferror-limit 19 -fmessage-length 0 -stack-protector 2 -fno-signed-char -fobjc-runtime=gcc -fcxx-exceptions -fexceptions -fdiagnostics-show-option -o CMakeFiles/cmTC_8c08c.dir/CMakeCXXCompilerABI.cpp.o -x c++ /usr/local/share/cmake-3.18/Modules/CMakeCXXCompilerABI.cpp
clang -cc1 version 9.0.8 based upon LLVM 9.0.8svn default target x86_64-unknown-linux-gnu
ignoring nonexistent directory "/home/photon/Android/Sdk/ndk/21.3.6528147/toolchains/llvm/prebuilt/linux-x86_64/sysroot/include"
#include "..." search starts here:
#include <...> search starts here:
 /home/photon/Android/Sdk/ndk/21.3.6528147/toolchains/llvm/prebuilt/linux-x86_64/sysroot/usr/include/c++/v1
 /home/photon/Android/Sdk/ndk/21.3.6528147/toolchains/llvm/prebuilt/linux-x86_64/sysroot/usr/local/include
 /home/photon/Android/Sdk/ndk/21.3.6528147/toolchains/llvm/prebuilt/linux-x86_64/lib64/clang/9.0.8/include
 /home/photon/Android/Sdk/ndk/21.3.6528147/toolchains/llvm/prebuilt/linux-x86_64/sysroot/usr/include/aarch64-linux-android
 /home/photon/Android/Sdk/ndk/21.3.6528147/toolchains/llvm/prebuilt/linux-x86_64/sysroot/usr/include
End of search list.
Linking CXX executable cmTC_8c08c
/usr/local/bin/cmake -E cmake_link_script CMakeFiles/cmTC_8c08c.dir/link.txt --verbose=1
/home/photon/Android/Sdk/ndk/21.3.6528147/toolchains/llvm/prebuilt/linux-x86_64/bin/clang++ --target=aarch64-none-linux-android28 --gcc-toolchain=/home/photon/Android/Sdk/ndk/21.3.6528147/toolchains/llvm/prebuilt/linux-x86_64 --sysroot=/home/photon/Android/Sdk/ndk/21.3.6528147/toolchains/llvm/prebuilt/linux-x86_64/sysroot -g -DANDROID -fdata-sections -ffunction-sections -funwind-tables -fstack-protector-strong -no-canonical-prefixes -D_FORTIFY_SOURCE=2 -Wformat    -Wl,--exclude-libs,libgcc.a -Wl,--exclude-libs,libgcc_real.a -Wl,--exclude-libs,libatomic.a -static-libstdc++ -Wl,--build-id -Wl,--fatal-warnings -Wl,--no-undefined -Qunused-arguments -Wl,--gc-sections  -v CMakeFiles/cmTC_8c08c.dir/CMakeCXXCompilerABI.cpp.o -o cmTC_8c08c 
Android (6454773 based on r365631c2) clang version 9.0.8 (https://android.googlesource.com/toolchain/llvm-project 98c855489587874b2a325e7a516b99d838599c6f) (based on LLVM 9.0.8svn)
Target: aarch64-none-linux-android28
Thread model: posix
InstalledDir: /home/photon/Android/Sdk/ndk/21.3.6528147/toolchains/llvm/prebuilt/linux-x86_64/bin
Found candidate GCC installation: /home/photon/Android/Sdk/ndk/21.3.6528147/toolchains/llvm/prebuilt/linux-x86_64/lib/gcc/aarch64-linux-android/4.9.x
Selected GCC installation: /home/photon/Android/Sdk/ndk/21.3.6528147/toolchains/llvm/prebuilt/linux-x86_64/lib/gcc/aarch64-linux-android/4.9.x
Candidate multilib: .;@m64
Selected multilib: .;@m64
 "/home/photon/Android/Sdk/ndk/21.3.6528147/toolchains/llvm/prebuilt/linux-x86_64/lib/gcc/aarch64-linux-android/4.9.x/../../../../aarch64-linux-android/bin/ld" --sysroot=/home/photon/Android/Sdk/ndk/21.3.6528147/toolchains/llvm/prebuilt/linux-x86_64/sysroot -pie -z noexecstack -EL --fix-cortex-a53-843419 --warn-shared-textrel -z now -z relro -z max-page-size=4096 --hash-style=gnu --enable-new-dtags --eh-frame-hdr -m aarch64linux -dynamic-linker /system/bin/linker64 -o cmTC_8c08c /home/photon/Android/Sdk/ndk/21.3.6528147/toolchains/llvm/prebuilt/linux-x86_64/sysroot/usr/lib/aarch64-linux-android/28/crtbegin_dynamic.o -L/home/photon/Android/Sdk/ndk/21.3.6528147/toolchains/llvm/prebuilt/linux-x86_64/lib64/clang/9.0.8/lib/linux/aarch64 -L/home/photon/Android/Sdk/ndk/21.3.6528147/toolchains/llvm/prebuilt/linux-x86_64/lib/gcc/aarch64-linux-android/4.9.x -L/home/photon/Android/Sdk/ndk/21.3.6528147/toolchains/llvm/prebuilt/linux-x86_64/lib/gcc/aarch64-linux-android/4.9.x/../../../../aarch64-linux-android/lib/../lib64 -L/home/photon/Android/Sdk/ndk/21.3.6528147/toolchains/llvm/prebuilt/linux-x86_64/sysroot/usr/lib/aarch64-linux-android/28 -L/home/photon/Android/Sdk/ndk/21.3.6528147/toolchains/llvm/prebuilt/linux-x86_64/sysroot/usr/lib/aarch64-linux-android -L/home/photon/Android/Sdk/ndk/21.3.6528147/toolchains/llvm/prebuilt/linux-x86_64/lib/gcc/aarch64-linux-android/4.9.x/../../../../aarch64-linux-android/lib -L/home/photon/Android/Sdk/ndk/21.3.6528147/toolchains/llvm/prebuilt/linux-x86_64/sysroot/usr/lib --exclude-libs libgcc.a --exclude-libs libgcc_real.a --exclude-libs libatomic.a --build-id --fatal-warnings --no-undefined --gc-sections CMakeFiles/cmTC_8c08c.dir/CMakeCXXCompilerABI.cpp.o -Bstatic -lc++ -Bdynamic -lm -lgcc -ldl -lc -lgcc -ldl /home/photon/Android/Sdk/ndk/21.3.6528147/toolchains/llvm/prebuilt/linux-x86_64/sysroot/usr/lib/aarch64-linux-android/28/crtend_android.o
make[1]: Leaving directory '/home/photon/Documents/QML/1.4.0/arm64/ilp64/examples/build/CMakeFiles/CMakeTmp'



Parsed CXX implicit include dir info from above output: rv=done
  found start of include info
  found start of implicit include info
    add: [/home/photon/Android/Sdk/ndk/21.3.6528147/toolchains/llvm/prebuilt/linux-x86_64/sysroot/usr/include/c++/v1]
    add: [/home/photon/Android/Sdk/ndk/21.3.6528147/toolchains/llvm/prebuilt/linux-x86_64/sysroot/usr/local/include]
    add: [/home/photon/Android/Sdk/ndk/21.3.6528147/toolchains/llvm/prebuilt/linux-x86_64/lib64/clang/9.0.8/include]
    add: [/home/photon/Android/Sdk/ndk/21.3.6528147/toolchains/llvm/prebuilt/linux-x86_64/sysroot/usr/include/aarch64-linux-android]
    add: [/home/photon/Android/Sdk/ndk/21.3.6528147/toolchains/llvm/prebuilt/linux-x86_64/sysroot/usr/include]
  end of search list found
  collapse include dir [/home/photon/Android/Sdk/ndk/21.3.6528147/toolchains/llvm/prebuilt/linux-x86_64/sysroot/usr/include/c++/v1] ==> [/home/photon/Android/Sdk/ndk/21.3.6528147/toolchains/llvm/prebuilt/linux-x86_64/sysroot/usr/include/c++/v1]
  collapse include dir [/home/photon/Android/Sdk/ndk/21.3.6528147/toolchains/llvm/prebuilt/linux-x86_64/sysroot/usr/local/include] ==> [/home/photon/Android/Sdk/ndk/21.3.6528147/toolchains/llvm/prebuilt/linux-x86_64/sysroot/usr/local/include]
  collapse include dir [/home/photon/Android/Sdk/ndk/21.3.6528147/toolchains/llvm/prebuilt/linux-x86_64/lib64/clang/9.0.8/include] ==> [/home/photon/Android/Sdk/ndk/21.3.6528147/toolchains/llvm/prebuilt/linux-x86_64/lib64/clang/9.0.8/include]
  collapse include dir [/home/photon/Android/Sdk/ndk/21.3.6528147/toolchains/llvm/prebuilt/linux-x86_64/sysroot/usr/include/aarch64-linux-android] ==> [/home/photon/Android/Sdk/ndk/21.3.6528147/toolchains/llvm/prebuilt/linux-x86_64/sysroot/usr/include/aarch64-linux-android]
  collapse include dir [/home/photon/Android/Sdk/ndk/21.3.6528147/toolchains/llvm/prebuilt/linux-x86_64/sysroot/usr/include] ==> [/home/photon/Android/Sdk/ndk/21.3.6528147/toolchains/llvm/prebuilt/linux-x86_64/sysroot/usr/include]
  implicit include dirs: [/home/photon/Android/Sdk/ndk/21.3.6528147/toolchains/llvm/prebuilt/linux-x86_64/sysroot/usr/include/c++/v1;/home/photon/Android/Sdk/ndk/21.3.6528147/toolchains/llvm/prebuilt/linux-x86_64/sysroot/usr/local/include;/home/photon/Android/Sdk/ndk/21.3.6528147/toolchains/llvm/prebuilt/linux-x86_64/lib64/clang/9.0.8/include;/home/photon/Android/Sdk/ndk/21.3.6528147/toolchains/llvm/prebuilt/linux-x86_64/sysroot/usr/include/aarch64-linux-android;/home/photon/Android/Sdk/ndk/21.3.6528147/toolchains/llvm/prebuilt/linux-x86_64/sysroot/usr/include]


Parsed CXX implicit link information from above output:
  link line regex: [^( *|.*[/\])(aarch64-linux-android-ld|CMAKE_LINK_STARTFILE-NOTFOUND|([^/\]+-)?ld|collect2)[^/\]*( |$)]
  ignore line: [Change Dir: /home/photon/Documents/QML/1.4.0/arm64/ilp64/examples/build/CMakeFiles/CMakeTmp]
  ignore line: []
  ignore line: [Run Build Command(s):/usr/bin/make cmTC_8c08c/fast && /usr/bin/make  -f CMakeFiles/cmTC_8c08c.dir/build.make CMakeFiles/cmTC_8c08c.dir/build]
  ignore line: [make[1]: Entering directory '/home/photon/Documents/QML/1.4.0/arm64/ilp64/examples/build/CMakeFiles/CMakeTmp']
  ignore line: [Building CXX object CMakeFiles/cmTC_8c08c.dir/CMakeCXXCompilerABI.cpp.o]
  ignore line: [/home/photon/Android/Sdk/ndk/21.3.6528147/toolchains/llvm/prebuilt/linux-x86_64/bin/clang++ --target=aarch64-none-linux-android28 --gcc-toolchain=/home/photon/Android/Sdk/ndk/21.3.6528147/toolchains/llvm/prebuilt/linux-x86_64 --sysroot=/home/photon/Android/Sdk/ndk/21.3.6528147/toolchains/llvm/prebuilt/linux-x86_64/sysroot   -g -DANDROID -fdata-sections -ffunction-sections -funwind-tables -fstack-protector-strong -no-canonical-prefixes -D_FORTIFY_SOURCE=2 -Wformat    -fPIE   -v -o CMakeFiles/cmTC_8c08c.dir/CMakeCXXCompilerABI.cpp.o -c /usr/local/share/cmake-3.18/Modules/CMakeCXXCompilerABI.cpp]
  ignore line: [Android (6454773 based on r365631c2) clang version 9.0.8 (https://android.googlesource.com/toolchain/llvm-project 98c855489587874b2a325e7a516b99d838599c6f) (based on LLVM 9.0.8svn)]
  ignore line: [Target: aarch64-none-linux-android28]
  ignore line: [Thread model: posix]
  ignore line: [InstalledDir: /home/photon/Android/Sdk/ndk/21.3.6528147/toolchains/llvm/prebuilt/linux-x86_64/bin]
  ignore line: [Found candidate GCC installation: /home/photon/Android/Sdk/ndk/21.3.6528147/toolchains/llvm/prebuilt/linux-x86_64/lib/gcc/aarch64-linux-android/4.9.x]
  ignore line: [Selected GCC installation: /home/photon/Android/Sdk/ndk/21.3.6528147/toolchains/llvm/prebuilt/linux-x86_64/lib/gcc/aarch64-linux-android/4.9.x]
  ignore line: [Candidate multilib: .]
  ignore line: [@m64]
  ignore line: [Selected multilib: .]
  ignore line: [@m64]
  ignore line: [ "/home/photon/Android/Sdk/ndk/21.3.6528147/toolchains/llvm/prebuilt/linux-x86_64/bin/clang++" -cc1 -triple aarch64-none-linux-android28 -emit-obj -mrelax-all -mnoexecstack -disable-free -disable-llvm-verifier -discard-value-names -main-file-name CMakeCXXCompilerABI.cpp -mrelocation-model pic -pic-level 2 -pic-is-pie -mthread-model posix -mdisable-fp-elim -masm-verbose -mconstructor-aliases -munwind-tables -fuse-init-array -target-cpu generic -target-feature +neon -target-abi aapcs -mllvm -aarch64-fix-cortex-a53-835769=1 -fallow-half-arguments-and-returns -dwarf-column-info -debug-info-kind=limited -dwarf-version=4 -debugger-tuning=gdb -v -ffunction-sections -fdata-sections -coverage-notes-file /home/photon/Documents/QML/1.4.0/arm64/ilp64/examples/build/CMakeFiles/CMakeTmp/CMakeFiles/cmTC_8c08c.dir/CMakeCXXCompilerABI.cpp.gcno -resource-dir /home/photon/Android/Sdk/ndk/21.3.6528147/toolchains/llvm/prebuilt/linux-x86_64/lib64/clang/9.0.8 -D ANDROID -D _FORTIFY_SOURCE=2 -isysroot /home/photon/Android/Sdk/ndk/21.3.6528147/toolchains/llvm/prebuilt/linux-x86_64/sysroot -internal-isystem /home/photon/Android/Sdk/ndk/21.3.6528147/toolchains/llvm/prebuilt/linux-x86_64/sysroot/usr/include/c++/v1 -internal-isystem /home/photon/Android/Sdk/ndk/21.3.6528147/toolchains/llvm/prebuilt/linux-x86_64/sysroot/usr/local/include -internal-isystem /home/photon/Android/Sdk/ndk/21.3.6528147/toolchains/llvm/prebuilt/linux-x86_64/lib64/clang/9.0.8/include -internal-externc-isystem /home/photon/Android/Sdk/ndk/21.3.6528147/toolchains/llvm/prebuilt/linux-x86_64/sysroot/usr/include/aarch64-linux-android -internal-externc-isystem /home/photon/Android/Sdk/ndk/21.3.6528147/toolchains/llvm/prebuilt/linux-x86_64/sysroot/include -internal-externc-isystem /home/photon/Android/Sdk/ndk/21.3.6528147/toolchains/llvm/prebuilt/linux-x86_64/sysroot/usr/include -Wformat -fdeprecated-macro -fdebug-compilation-dir /home/photon/Documents/QML/1.4.0/arm64/ilp64/examples/build/CMakeFiles/CMakeTmp -ferror-limit 19 -fmessage-length 0 -stack-protector 2 -fno-signed-char -fobjc-runtime=gcc -fcxx-exceptions -fexceptions -fdiagnostics-show-option -o CMakeFiles/cmTC_8c08c.dir/CMakeCXXCompilerABI.cpp.o -x c++ /usr/local/share/cmake-3.18/Modules/CMakeCXXCompilerABI.cpp]
  ignore line: [clang -cc1 version 9.0.8 based upon LLVM 9.0.8svn default target x86_64-unknown-linux-gnu]
  ignore line: [ignoring nonexistent directory "/home/photon/Android/Sdk/ndk/21.3.6528147/toolchains/llvm/prebuilt/linux-x86_64/sysroot/include"]
  ignore line: [#include "..." search starts here:]
  ignore line: [#include <...> search starts here:]
  ignore line: [ /home/photon/Android/Sdk/ndk/21.3.6528147/toolchains/llvm/prebuilt/linux-x86_64/sysroot/usr/include/c++/v1]
  ignore line: [ /home/photon/Android/Sdk/ndk/21.3.6528147/toolchains/llvm/prebuilt/linux-x86_64/sysroot/usr/local/include]
  ignore line: [ /home/photon/Android/Sdk/ndk/21.3.6528147/toolchains/llvm/prebuilt/linux-x86_64/lib64/clang/9.0.8/include]
  ignore line: [ /home/photon/Android/Sdk/ndk/21.3.6528147/toolchains/llvm/prebuilt/linux-x86_64/sysroot/usr/include/aarch64-linux-android]
  ignore line: [ /home/photon/Android/Sdk/ndk/21.3.6528147/toolchains/llvm/prebuilt/linux-x86_64/sysroot/usr/include]
  ignore line: [End of search list.]
  ignore line: [Linking CXX executable cmTC_8c08c]
  ignore line: [/usr/local/bin/cmake -E cmake_link_script CMakeFiles/cmTC_8c08c.dir/link.txt --verbose=1]
  ignore line: [/home/photon/Android/Sdk/ndk/21.3.6528147/toolchains/llvm/prebuilt/linux-x86_64/bin/clang++ --target=aarch64-none-linux-android28 --gcc-toolchain=/home/photon/Android/Sdk/ndk/21.3.6528147/toolchains/llvm/prebuilt/linux-x86_64 --sysroot=/home/photon/Android/Sdk/ndk/21.3.6528147/toolchains/llvm/prebuilt/linux-x86_64/sysroot -g -DANDROID -fdata-sections -ffunction-sections -funwind-tables -fstack-protector-strong -no-canonical-prefixes -D_FORTIFY_SOURCE=2 -Wformat    -Wl --exclude-libs libgcc.a -Wl --exclude-libs libgcc_real.a -Wl --exclude-libs libatomic.a -static-libstdc++ -Wl --build-id -Wl --fatal-warnings -Wl --no-undefined -Qunused-arguments -Wl --gc-sections  -v CMakeFiles/cmTC_8c08c.dir/CMakeCXXCompilerABI.cpp.o -o cmTC_8c08c ]
  ignore line: [Android (6454773 based on r365631c2) clang version 9.0.8 (https://android.googlesource.com/toolchain/llvm-project 98c855489587874b2a325e7a516b99d838599c6f) (based on LLVM 9.0.8svn)]
  ignore line: [Target: aarch64-none-linux-android28]
  ignore line: [Thread model: posix]
  ignore line: [InstalledDir: /home/photon/Android/Sdk/ndk/21.3.6528147/toolchains/llvm/prebuilt/linux-x86_64/bin]
  ignore line: [Found candidate GCC installation: /home/photon/Android/Sdk/ndk/21.3.6528147/toolchains/llvm/prebuilt/linux-x86_64/lib/gcc/aarch64-linux-android/4.9.x]
  ignore line: [Selected GCC installation: /home/photon/Android/Sdk/ndk/21.3.6528147/toolchains/llvm/prebuilt/linux-x86_64/lib/gcc/aarch64-linux-android/4.9.x]
  ignore line: [Candidate multilib: .]
  ignore line: [@m64]
  ignore line: [Selected multilib: .]
  ignore line: [@m64]
  link line: [ "/home/photon/Android/Sdk/ndk/21.3.6528147/toolchains/llvm/prebuilt/linux-x86_64/lib/gcc/aarch64-linux-android/4.9.x/../../../../aarch64-linux-android/bin/ld" --sysroot=/home/photon/Android/Sdk/ndk/21.3.6528147/toolchains/llvm/prebuilt/linux-x86_64/sysroot -pie -z noexecstack -EL --fix-cortex-a53-843419 --warn-shared-textrel -z now -z relro -z max-page-size=4096 --hash-style=gnu --enable-new-dtags --eh-frame-hdr -m aarch64linux -dynamic-linker /system/bin/linker64 -o cmTC_8c08c /home/photon/Android/Sdk/ndk/21.3.6528147/toolchains/llvm/prebuilt/linux-x86_64/sysroot/usr/lib/aarch64-linux-android/28/crtbegin_dynamic.o -L/home/photon/Android/Sdk/ndk/21.3.6528147/toolchains/llvm/prebuilt/linux-x86_64/lib64/clang/9.0.8/lib/linux/aarch64 -L/home/photon/Android/Sdk/ndk/21.3.6528147/toolchains/llvm/prebuilt/linux-x86_64/lib/gcc/aarch64-linux-android/4.9.x -L/home/photon/Android/Sdk/ndk/21.3.6528147/toolchains/llvm/prebuilt/linux-x86_64/lib/gcc/aarch64-linux-android/4.9.x/../../../../aarch64-linux-android/lib/../lib64 -L/home/photon/Android/Sdk/ndk/21.3.6528147/toolchains/llvm/prebuilt/linux-x86_64/sysroot/usr/lib/aarch64-linux-android/28 -L/home/photon/Android/Sdk/ndk/21.3.6528147/toolchains/llvm/prebuilt/linux-x86_64/sysroot/usr/lib/aarch64-linux-android -L/home/photon/Android/Sdk/ndk/21.3.6528147/toolchains/llvm/prebuilt/linux-x86_64/lib/gcc/aarch64-linux-android/4.9.x/../../../../aarch64-linux-android/lib -L/home/photon/Android/Sdk/ndk/21.3.6528147/toolchains/llvm/prebuilt/linux-x86_64/sysroot/usr/lib --exclude-libs libgcc.a --exclude-libs libgcc_real.a --exclude-libs libatomic.a --build-id --fatal-warnings --no-undefined --gc-sections CMakeFiles/cmTC_8c08c.dir/CMakeCXXCompilerABI.cpp.o -Bstatic -lc++ -Bdynamic -lm -lgcc -ldl -lc -lgcc -ldl /home/photon/Android/Sdk/ndk/21.3.6528147/toolchains/llvm/prebuilt/linux-x86_64/sysroot/usr/lib/aarch64-linux-android/28/crtend_android.o]
    arg [/home/photon/Android/Sdk/ndk/21.3.6528147/toolchains/llvm/prebuilt/linux-x86_64/lib/gcc/aarch64-linux-android/4.9.x/../../../../aarch64-linux-android/bin/ld] ==> ignore
    arg [--sysroot=/home/photon/Android/Sdk/ndk/21.3.6528147/toolchains/llvm/prebuilt/linux-x86_64/sysroot] ==> ignore
    arg [-pie] ==> ignore
    arg [-znoexecstack] ==> ignore
    arg [-EL] ==> ignore
    arg [--fix-cortex-a53-843419] ==> ignore
    arg [--warn-shared-textrel] ==> ignore
    arg [-znow] ==> ignore
    arg [-zrelro] ==> ignore
    arg [-zmax-page-size=4096] ==> ignore
    arg [--hash-style=gnu] ==> ignore
    arg [--enable-new-dtags] ==> ignore
    arg [--eh-frame-hdr] ==> ignore
    arg [-m] ==> ignore
    arg [aarch64linux] ==> ignore
    arg [-dynamic-linker] ==> ignore
    arg [/system/bin/linker64] ==> ignore
    arg [-o] ==> ignore
    arg [cmTC_8c08c] ==> ignore
    arg [/home/photon/Android/Sdk/ndk/21.3.6528147/toolchains/llvm/prebuilt/linux-x86_64/sysroot/usr/lib/aarch64-linux-android/28/crtbegin_dynamic.o] ==> ignore
    arg [-L/home/photon/Android/Sdk/ndk/21.3.6528147/toolchains/llvm/prebuilt/linux-x86_64/lib64/clang/9.0.8/lib/linux/aarch64] ==> dir [/home/photon/Android/Sdk/ndk/21.3.6528147/toolchains/llvm/prebuilt/linux-x86_64/lib64/clang/9.0.8/lib/linux/aarch64]
    arg [-L/home/photon/Android/Sdk/ndk/21.3.6528147/toolchains/llvm/prebuilt/linux-x86_64/lib/gcc/aarch64-linux-android/4.9.x] ==> dir [/home/photon/Android/Sdk/ndk/21.3.6528147/toolchains/llvm/prebuilt/linux-x86_64/lib/gcc/aarch64-linux-android/4.9.x]
    arg [-L/home/photon/Android/Sdk/ndk/21.3.6528147/toolchains/llvm/prebuilt/linux-x86_64/lib/gcc/aarch64-linux-android/4.9.x/../../../../aarch64-linux-android/lib/../lib64] ==> dir [/home/photon/Android/Sdk/ndk/21.3.6528147/toolchains/llvm/prebuilt/linux-x86_64/lib/gcc/aarch64-linux-android/4.9.x/../../../../aarch64-linux-android/lib/../lib64]
    arg [-L/home/photon/Android/Sdk/ndk/21.3.6528147/toolchains/llvm/prebuilt/linux-x86_64/sysroot/usr/lib/aarch64-linux-android/28] ==> dir [/home/photon/Android/Sdk/ndk/21.3.6528147/toolchains/llvm/prebuilt/linux-x86_64/sysroot/usr/lib/aarch64-linux-android/28]
    arg [-L/home/photon/Android/Sdk/ndk/21.3.6528147/toolchains/llvm/prebuilt/linux-x86_64/sysroot/usr/lib/aarch64-linux-android] ==> dir [/home/photon/Android/Sdk/ndk/21.3.6528147/toolchains/llvm/prebuilt/linux-x86_64/sysroot/usr/lib/aarch64-linux-android]
    arg [-L/home/photon/Android/Sdk/ndk/21.3.6528147/toolchains/llvm/prebuilt/linux-x86_64/lib/gcc/aarch64-linux-android/4.9.x/../../../../aarch64-linux-android/lib] ==> dir [/home/photon/Android/Sdk/ndk/21.3.6528147/toolchains/llvm/prebuilt/linux-x86_64/lib/gcc/aarch64-linux-android/4.9.x/../../../../aarch64-linux-android/lib]
    arg [-L/home/photon/Android/Sdk/ndk/21.3.6528147/toolchains/llvm/prebuilt/linux-x86_64/sysroot/usr/lib] ==> dir [/home/photon/Android/Sdk/ndk/21.3.6528147/toolchains/llvm/prebuilt/linux-x86_64/sysroot/usr/lib]
    arg [--exclude-libs] ==> ignore
    arg [libgcc.a] ==> ignore
    arg [--exclude-libs] ==> ignore
    arg [libgcc_real.a] ==> ignore
    arg [--exclude-libs] ==> ignore
    arg [libatomic.a] ==> ignore
    arg [--build-id] ==> ignore
    arg [--fatal-warnings] ==> ignore
    arg [--no-undefined] ==> ignore
    arg [--gc-sections] ==> ignore
    arg [CMakeFiles/cmTC_8c08c.dir/CMakeCXXCompilerABI.cpp.o] ==> ignore
    arg [-Bstatic] ==> ignore
    arg [-lc++] ==> lib [c++]
    arg [-Bdynamic] ==> ignore
    arg [-lm] ==> lib [m]
    arg [-lgcc] ==> lib [gcc]
    arg [-ldl] ==> lib [dl]
    arg [-lc] ==> lib [c]
    arg [-lgcc] ==> lib [gcc]
    arg [-ldl] ==> lib [dl]
    arg [/home/photon/Android/Sdk/ndk/21.3.6528147/toolchains/llvm/prebuilt/linux-x86_64/sysroot/usr/lib/aarch64-linux-android/28/crtend_android.o] ==> ignore
  collapse library dir [/home/photon/Android/Sdk/ndk/21.3.6528147/toolchains/llvm/prebuilt/linux-x86_64/lib64/clang/9.0.8/lib/linux/aarch64] ==> [/home/photon/Android/Sdk/ndk/21.3.6528147/toolchains/llvm/prebuilt/linux-x86_64/lib64/clang/9.0.8/lib/linux/aarch64]
  collapse library dir [/home/photon/Android/Sdk/ndk/21.3.6528147/toolchains/llvm/prebuilt/linux-x86_64/lib/gcc/aarch64-linux-android/4.9.x] ==> [/home/photon/Android/Sdk/ndk/21.3.6528147/toolchains/llvm/prebuilt/linux-x86_64/lib/gcc/aarch64-linux-android/4.9.x]
  collapse library dir [/home/photon/Android/Sdk/ndk/21.3.6528147/toolchains/llvm/prebuilt/linux-x86_64/lib/gcc/aarch64-linux-android/4.9.x/../../../../aarch64-linux-android/lib/../lib64] ==> [/home/photon/Android/Sdk/ndk/21.3.6528147/toolchains/llvm/prebuilt/linux-x86_64/aarch64-linux-android/lib64]
  collapse library dir [/home/photon/Android/Sdk/ndk/21.3.6528147/toolchains/llvm/prebuilt/linux-x86_64/sysroot/usr/lib/aarch64-linux-android/28] ==> [/home/photon/Android/Sdk/ndk/21.3.6528147/toolchains/llvm/prebuilt/linux-x86_64/sysroot/usr/lib/aarch64-linux-android/28]
  collapse library dir [/home/photon/Android/Sdk/ndk/21.3.6528147/toolchains/llvm/prebuilt/linux-x86_64/sysroot/usr/lib/aarch64-linux-android] ==> [/home/photon/Android/Sdk/ndk/21.3.6528147/toolchains/llvm/prebuilt/linux-x86_64/sysroot/usr/lib/aarch64-linux-android]
  collapse library dir [/home/photon/Android/Sdk/ndk/21.3.6528147/toolchains/llvm/prebuilt/linux-x86_64/lib/gcc/aarch64-linux-android/4.9.x/../../../../aarch64-linux-android/lib] ==> [/home/photon/Android/Sdk/ndk/21.3.6528147/toolchains/llvm/prebuilt/linux-x86_64/aarch64-linux-android/lib]
  collapse library dir [/home/photon/Android/Sdk/ndk/21.3.6528147/toolchains/llvm/prebuilt/linux-x86_64/sysroot/usr/lib] ==> [/home/photon/Android/Sdk/ndk/21.3.6528147/toolchains/llvm/prebuilt/linux-x86_64/sysroot/usr/lib]
  implicit libs: [c++;m;gcc;dl;c;gcc;dl]
  implicit dirs: [/home/photon/Android/Sdk/ndk/21.3.6528147/toolchains/llvm/prebuilt/linux-x86_64/lib64/clang/9.0.8/lib/linux/aarch64;/home/photon/Android/Sdk/ndk/21.3.6528147/toolchains/llvm/prebuilt/linux-x86_64/lib/gcc/aarch64-linux-android/4.9.x;/home/photon/Android/Sdk/ndk/21.3.6528147/toolchains/llvm/prebuilt/linux-x86_64/aarch64-linux-android/lib64;/home/photon/Android/Sdk/ndk/21.3.6528147/toolchains/llvm/prebuilt/linux-x86_64/sysroot/usr/lib/aarch64-linux-android/28;/home/photon/Android/Sdk/ndk/21.3.6528147/toolchains/llvm/prebuilt/linux-x86_64/sysroot/usr/lib/aarch64-linux-android;/home/photon/Android/Sdk/ndk/21.3.6528147/toolchains/llvm/prebuilt/linux-x86_64/aarch64-linux-android/lib;/home/photon/Android/Sdk/ndk/21.3.6528147/toolchains/llvm/prebuilt/linux-x86_64/sysroot/usr/lib]
  implicit fwks: []


